<?xml version="1.0" encoding="UTF-8"?>
<!-- Generated by org.testng.reporters.JUnitReportReporter -->
<testsuite skipped="0" hostname="sudhbagi" name="test.GooglePageTitleTest" tests="1" failures="0" timestamp="15 Nov 2018 12:36:21 GMT" time="6.743" errors="0">
  <testcase name="f" time="6.743" classname="test.GooglePageTitleTest"/>
</testsuite> <!-- test.GooglePageTitleTest -->
