<?xml version="1.0" encoding="UTF-8"?>
<!-- Generated by org.testng.reporters.JUnitReportReporter -->
<testsuite skipped="0" hostname="sudhbagi" name="test.GooglePageTitleTest" tests="1" failures="0" timestamp="15 Nov 2018 19:54:02 GMT" time="3.044" errors="0">
  <testcase name="f" time="3.044" classname="test.GooglePageTitleTest"/>
</testsuite> <!-- test.GooglePageTitleTest -->
